<?xml version="1.0" encoding="UTF-8"?>
<testng-results ignored="0" total="2" passed="2" failed="0" skipped="0">
  <reporter-output>
  </reporter-output>
  <suite started-at="2023-06-27T15:21:19 IST" name="Default suite" finished-at="2023-06-27T15:25:24 IST" duration-ms="244227">
    <groups>
    </groups>
    <test started-at="2023-06-27T15:21:19 IST" name="Default test" finished-at="2023-06-27T15:25:24 IST" duration-ms="244227">
      <class name="approval.ApprovalcountStatutory">
        <test-method is-config="true" signature="setBrowser()[pri:0, instance:approval.ApprovalcountStatutory@20ce78ec]" started-at="2023-06-27T15:21:19 IST" name="setBrowser" finished-at="2023-06-27T15:21:32 IST" duration-ms="12913" status="PASS">
          <reporter-output>
          </reporter-output>
        </test-method> <!-- setBrowser -->
        <test-method signature="Login()[pri:1, instance:approval.ApprovalcountStatutory@20ce78ec]" started-at="2023-06-27T15:21:32 IST" name="Login" finished-at="2023-06-27T15:22:00 IST" duration-ms="27867" status="PASS">
          <reporter-output>
          </reporter-output>
        </test-method> <!-- Login -->
        <test-method signature="inProgress_PieChartPeriod()[pri:22, instance:approval.ApprovalcountStatutory@20ce78ec]" started-at="2023-06-27T15:22:00 IST" name="inProgress_PieChartPeriod" finished-at="2023-06-27T15:25:24 IST" duration-ms="203377" status="PASS">
          <reporter-output>
          </reporter-output>
        </test-method> <!-- inProgress_PieChartPeriod -->
      </class> <!-- approval.ApprovalcountStatutory -->
    </test> <!-- Default test -->
  </suite> <!-- Default suite -->
</testng-results>
