<?xml version="1.0" encoding="UTF-8"?>
<testng-results ignored="0" total="65" passed="63" failed="2" skipped="0">
  <reporter-output>
  </reporter-output>
  <suite started-at="2023-06-15T22:09:04 IST" name="Default suite" finished-at="2023-06-16T00:26:18 IST" duration-ms="8234628">
    <groups>
    </groups>
    <test started-at="2023-06-15T22:09:04 IST" name="Default test" finished-at="2023-06-16T00:26:18 IST" duration-ms="8234628">
      <class name="cfo.Mgmt">
        <test-method is-config="true" signature="setBrowser()[pri:0, instance:cfo.Mgmt@1ab3a8c8]" started-at="2023-06-15T22:09:04 IST" name="setBrowser" finished-at="2023-06-15T22:09:05 IST" duration-ms="768" status="PASS">
          <reporter-output>
          </reporter-output>
        </test-method> <!-- setBrowser -->
        <test-method is-config="true" signature="Login()[pri:0, instance:cfo.Mgmt@1ab3a8c8]" started-at="2023-06-15T22:09:05 IST" name="Login" finished-at="2023-06-15T22:09:37 IST" duration-ms="32800" status="PASS">
          <reporter-output>
          </reporter-output>
        </test-method> <!-- Login -->
        <test-method signature="CategoriesCountMatch()[pri:2, instance:cfo.Mgmt@1ab3a8c8]" started-at="2023-06-15T22:09:37 IST" name="CategoriesCountMatch" finished-at="2023-06-15T22:10:45 IST" duration-ms="67848" status="PASS">
          <reporter-output>
          </reporter-output>
        </test-method> <!-- CategoriesCountMatch -->
        <test-method is-config="true" signature="browserClosing()[pri:0, instance:cfo.Mgmt@1ab3a8c8]" started-at="2023-06-15T22:10:45 IST" name="browserClosing" finished-at="2023-06-15T22:10:47 IST" duration-ms="1338" status="PASS">
          <reporter-output>
          </reporter-output>
        </test-method> <!-- browserClosing -->
        <test-method is-config="true" signature="Login()[pri:0, instance:cfo.Mgmt@1ab3a8c8]" started-at="2023-06-15T22:10:47 IST" name="Login" finished-at="2023-06-15T22:11:18 IST" duration-ms="31181" status="PASS">
          <reporter-output>
          </reporter-output>
        </test-method> <!-- Login -->
        <test-method signature="CompliancesCountMatch()[pri:3, instance:cfo.Mgmt@1ab3a8c8]" started-at="2023-06-15T22:11:18 IST" name="CompliancesCountMatch" finished-at="2023-06-15T22:11:43 IST" duration-ms="25280" status="PASS">
          <reporter-output>
          </reporter-output>
        </test-method> <!-- CompliancesCountMatch -->
        <test-method is-config="true" signature="browserClosing()[pri:0, instance:cfo.Mgmt@1ab3a8c8]" started-at="2023-06-15T22:11:43 IST" name="browserClosing" finished-at="2023-06-15T22:11:44 IST" duration-ms="1333" status="PASS">
          <reporter-output>
          </reporter-output>
        </test-method> <!-- browserClosing -->
        <test-method is-config="true" signature="Login()[pri:0, instance:cfo.Mgmt@1ab3a8c8]" started-at="2023-06-15T22:11:44 IST" name="Login" finished-at="2023-06-15T22:12:13 IST" duration-ms="29090" status="PASS">
          <reporter-output>
          </reporter-output>
        </test-method> <!-- Login -->
        <test-method signature="UsersCountMatch()[pri:4, instance:cfo.Mgmt@1ab3a8c8]" started-at="2023-06-15T22:12:13 IST" name="UsersCountMatch" finished-at="2023-06-15T22:12:38 IST" duration-ms="24930" status="PASS">
          <reporter-output>
          </reporter-output>
        </test-method> <!-- UsersCountMatch -->
        <test-method is-config="true" signature="browserClosing()[pri:0, instance:cfo.Mgmt@1ab3a8c8]" started-at="2023-06-15T22:12:38 IST" name="browserClosing" finished-at="2023-06-15T22:12:40 IST" duration-ms="1384" status="PASS">
          <reporter-output>
          </reporter-output>
        </test-method> <!-- browserClosing -->
        <test-method is-config="true" signature="Login()[pri:0, instance:cfo.Mgmt@1ab3a8c8]" started-at="2023-06-15T22:12:40 IST" name="Login" finished-at="2023-06-15T22:13:11 IST" duration-ms="30950" status="PASS">
          <reporter-output>
          </reporter-output>
        </test-method> <!-- Login -->
        <test-method signature="clickPenaltyStatutory()[pri:5, instance:cfo.Mgmt@1ab3a8c8]" started-at="2023-06-15T22:13:11 IST" name="clickPenaltyStatutory" finished-at="2023-06-15T22:13:53 IST" duration-ms="42199" status="PASS">
          <reporter-output>
          </reporter-output>
        </test-method> <!-- clickPenaltyStatutory -->
        <test-method is-config="true" signature="browserClosing()[pri:0, instance:cfo.Mgmt@1ab3a8c8]" started-at="2023-06-15T22:13:53 IST" name="browserClosing" finished-at="2023-06-15T22:13:54 IST" duration-ms="1358" status="PASS">
          <reporter-output>
          </reporter-output>
        </test-method> <!-- browserClosing -->
        <test-method is-config="true" signature="Login()[pri:0, instance:cfo.Mgmt@1ab3a8c8]" started-at="2023-06-15T22:13:54 IST" name="Login" finished-at="2023-06-15T22:14:25 IST" duration-ms="30552" status="PASS">
          <reporter-output>
          </reporter-output>
        </test-method> <!-- Login -->
        <test-method signature="SummaryofOverdueCompliances()[pri:6, instance:cfo.Mgmt@1ab3a8c8]" started-at="2023-06-15T22:14:25 IST" name="SummaryofOverdueCompliances" finished-at="2023-06-15T22:15:06 IST" duration-ms="40790" status="PASS">
          <reporter-output>
          </reporter-output>
        </test-method> <!-- SummaryofOverdueCompliances -->
        <test-method is-config="true" signature="browserClosing()[pri:0, instance:cfo.Mgmt@1ab3a8c8]" started-at="2023-06-15T22:15:06 IST" name="browserClosing" finished-at="2023-06-15T22:15:07 IST" duration-ms="1339" status="PASS">
          <reporter-output>
          </reporter-output>
        </test-method> <!-- browserClosing -->
        <test-method is-config="true" signature="Login()[pri:0, instance:cfo.Mgmt@1ab3a8c8]" started-at="2023-06-15T22:15:07 IST" name="Login" finished-at="2023-06-15T22:15:38 IST" duration-ms="31081" status="PASS">
          <reporter-output>
          </reporter-output>
        </test-method> <!-- Login -->
        <test-method signature="NotCompleted_PieChart()[pri:7, instance:cfo.Mgmt@1ab3a8c8]" started-at="2023-06-15T22:15:38 IST" name="NotCompleted_PieChart" finished-at="2023-06-15T22:19:03 IST" duration-ms="205273" status="PASS">
          <reporter-output>
          </reporter-output>
        </test-method> <!-- NotCompleted_PieChart -->
        <test-method is-config="true" signature="browserClosing()[pri:0, instance:cfo.Mgmt@1ab3a8c8]" started-at="2023-06-15T22:19:03 IST" name="browserClosing" finished-at="2023-06-15T22:19:05 IST" duration-ms="1342" status="PASS">
          <reporter-output>
          </reporter-output>
        </test-method> <!-- browserClosing -->
        <test-method is-config="true" signature="Login()[pri:0, instance:cfo.Mgmt@1ab3a8c8]" started-at="2023-06-15T22:19:05 IST" name="Login" finished-at="2023-06-15T22:19:36 IST" duration-ms="31180" status="PASS">
          <reporter-output>
          </reporter-output>
        </test-method> <!-- Login -->
        <test-method signature="ClosedDelayed_PieChart()[pri:8, instance:cfo.Mgmt@1ab3a8c8]" started-at="2023-06-15T22:19:36 IST" name="ClosedDelayed_PieChart" finished-at="2023-06-15T22:21:38 IST" duration-ms="121954" status="PASS">
          <reporter-output>
          </reporter-output>
        </test-method> <!-- ClosedDelayed_PieChart -->
        <test-method is-config="true" signature="browserClosing()[pri:0, instance:cfo.Mgmt@1ab3a8c8]" started-at="2023-06-15T22:21:38 IST" name="browserClosing" finished-at="2023-06-15T22:21:39 IST" duration-ms="1363" status="PASS">
          <reporter-output>
          </reporter-output>
        </test-method> <!-- browserClosing -->
        <test-method is-config="true" signature="Login()[pri:0, instance:cfo.Mgmt@1ab3a8c8]" started-at="2023-06-15T22:21:39 IST" name="Login" finished-at="2023-06-15T22:22:10 IST" duration-ms="30590" status="PASS">
          <reporter-output>
          </reporter-output>
        </test-method> <!-- Login -->
        <test-method signature="ClosedTimely_PieChart()[pri:9, instance:cfo.Mgmt@1ab3a8c8]" started-at="2023-06-15T22:22:10 IST" name="ClosedTimely_PieChart" finished-at="2023-06-15T22:26:05 IST" duration-ms="234993" status="PASS">
          <reporter-output>
          </reporter-output>
        </test-method> <!-- ClosedTimely_PieChart -->
        <test-method is-config="true" signature="browserClosing()[pri:0, instance:cfo.Mgmt@1ab3a8c8]" started-at="2023-06-15T22:26:05 IST" name="browserClosing" finished-at="2023-06-15T22:26:06 IST" duration-ms="1329" status="PASS">
          <reporter-output>
          </reporter-output>
        </test-method> <!-- browserClosing -->
        <test-method is-config="true" signature="Login()[pri:0, instance:cfo.Mgmt@1ab3a8c8]" started-at="2023-06-15T22:26:06 IST" name="Login" finished-at="2023-06-15T22:26:37 IST" duration-ms="31235" status="PASS">
          <reporter-output>
          </reporter-output>
        </test-method> <!-- Login -->
        <test-method signature="NotApplicable_PieChart()[pri:10, instance:cfo.Mgmt@1ab3a8c8]" started-at="2023-06-15T22:26:37 IST" name="NotApplicable_PieChart" finished-at="2023-06-15T22:27:43 IST" duration-ms="65703" status="PASS">
          <reporter-output>
          </reporter-output>
        </test-method> <!-- NotApplicable_PieChart -->
        <test-method is-config="true" signature="browserClosing()[pri:0, instance:cfo.Mgmt@1ab3a8c8]" started-at="2023-06-15T22:27:43 IST" name="browserClosing" finished-at="2023-06-15T22:27:44 IST" duration-ms="1313" status="PASS">
          <reporter-output>
          </reporter-output>
        </test-method> <!-- browserClosing -->
        <test-method is-config="true" signature="Login()[pri:0, instance:cfo.Mgmt@1ab3a8c8]" started-at="2023-06-15T22:27:44 IST" name="Login" finished-at="2023-06-15T22:28:14 IST" duration-ms="29918" status="PASS">
          <reporter-output>
          </reporter-output>
        </test-method> <!-- Login -->
        <test-method signature="Overdue_PieChart()[pri:11, instance:cfo.Mgmt@1ab3a8c8]" started-at="2023-06-15T22:28:14 IST" name="Overdue_PieChart" finished-at="2023-06-15T22:31:52 IST" duration-ms="218171" status="PASS">
          <reporter-output>
          </reporter-output>
        </test-method> <!-- Overdue_PieChart -->
        <test-method is-config="true" signature="browserClosing()[pri:0, instance:cfo.Mgmt@1ab3a8c8]" started-at="2023-06-15T22:31:52 IST" name="browserClosing" finished-at="2023-06-15T22:31:54 IST" duration-ms="1521" status="PASS">
          <reporter-output>
          </reporter-output>
        </test-method> <!-- browserClosing -->
        <test-method is-config="true" signature="Login()[pri:0, instance:cfo.Mgmt@1ab3a8c8]" started-at="2023-06-15T22:31:54 IST" name="Login" finished-at="2023-06-15T22:32:25 IST" duration-ms="30940" status="PASS">
          <reporter-output>
          </reporter-output>
        </test-method> <!-- Login -->
        <test-method signature="dueToday_PieChart()[pri:12, instance:cfo.Mgmt@1ab3a8c8]" started-at="2023-06-15T22:32:25 IST" name="dueToday_PieChart" finished-at="2023-06-15T22:35:10 IST" duration-ms="165414" status="PASS">
          <reporter-output>
          </reporter-output>
        </test-method> <!-- dueToday_PieChart -->
        <test-method is-config="true" signature="browserClosing()[pri:0, instance:cfo.Mgmt@1ab3a8c8]" started-at="2023-06-15T22:35:10 IST" name="browserClosing" finished-at="2023-06-15T22:35:12 IST" duration-ms="1519" status="PASS">
          <reporter-output>
          </reporter-output>
        </test-method> <!-- browserClosing -->
        <test-method is-config="true" signature="Login()[pri:0, instance:cfo.Mgmt@1ab3a8c8]" started-at="2023-06-15T22:35:12 IST" name="Login" finished-at="2023-06-15T22:35:43 IST" duration-ms="31280" status="PASS">
          <reporter-output>
          </reporter-output>
        </test-method> <!-- Login -->
        <test-method signature="pendingForReview_PieChart()[pri:13, instance:cfo.Mgmt@1ab3a8c8]" started-at="2023-06-15T22:35:43 IST" name="pendingForReview_PieChart" finished-at="2023-06-15T22:39:54 IST" duration-ms="250514" status="PASS">
          <reporter-output>
          </reporter-output>
        </test-method> <!-- pendingForReview_PieChart -->
        <test-method is-config="true" signature="browserClosing()[pri:0, instance:cfo.Mgmt@1ab3a8c8]" started-at="2023-06-15T22:39:54 IST" name="browserClosing" finished-at="2023-06-15T22:39:55 IST" duration-ms="1318" status="PASS">
          <reporter-output>
          </reporter-output>
        </test-method> <!-- browserClosing -->
        <test-method is-config="true" signature="Login()[pri:0, instance:cfo.Mgmt@1ab3a8c8]" started-at="2023-06-15T22:39:55 IST" name="Login" finished-at="2023-06-15T22:40:25 IST" duration-ms="29832" status="PASS">
          <reporter-output>
          </reporter-output>
        </test-method> <!-- Login -->
        <test-method signature="inProgress_PieChart()[pri:14, instance:cfo.Mgmt@1ab3a8c8]" started-at="2023-06-15T22:40:25 IST" name="inProgress_PieChart" finished-at="2023-06-15T22:42:37 IST" duration-ms="132205" status="PASS">
          <reporter-output>
          </reporter-output>
        </test-method> <!-- inProgress_PieChart -->
        <test-method is-config="true" signature="browserClosing()[pri:0, instance:cfo.Mgmt@1ab3a8c8]" started-at="2023-06-15T22:42:37 IST" name="browserClosing" finished-at="2023-06-15T22:42:38 IST" duration-ms="1426" status="PASS">
          <reporter-output>
          </reporter-output>
        </test-method> <!-- browserClosing -->
        <test-method is-config="true" signature="Login()[pri:0, instance:cfo.Mgmt@1ab3a8c8]" started-at="2023-06-15T22:42:38 IST" name="Login" finished-at="2023-06-15T22:43:07 IST" duration-ms="28672" status="PASS">
          <reporter-output>
          </reporter-output>
        </test-method> <!-- Login -->
        <test-method signature="rejected_PieChart()[pri:15, instance:cfo.Mgmt@1ab3a8c8]" started-at="2023-06-15T22:43:07 IST" name="rejected_PieChart" finished-at="2023-06-15T22:46:29 IST" duration-ms="201790" status="PASS">
          <reporter-output>
          </reporter-output>
        </test-method> <!-- rejected_PieChart -->
        <test-method is-config="true" signature="browserClosing()[pri:0, instance:cfo.Mgmt@1ab3a8c8]" started-at="2023-06-15T22:46:29 IST" name="browserClosing" finished-at="2023-06-15T22:46:30 IST" duration-ms="1433" status="PASS">
          <reporter-output>
          </reporter-output>
        </test-method> <!-- browserClosing -->
        <test-method is-config="true" signature="Login()[pri:0, instance:cfo.Mgmt@1ab3a8c8]" started-at="2023-06-15T22:46:30 IST" name="Login" finished-at="2023-06-15T22:47:01 IST" duration-ms="31102" status="PASS">
          <reporter-output>
          </reporter-output>
        </test-method> <!-- Login -->
        <test-method signature="BargraphIndustrySpeCriticalStatutory()[pri:16, instance:cfo.Mgmt@1ab3a8c8]" started-at="2023-06-15T22:47:01 IST" name="BargraphIndustrySpeCriticalStatutory" finished-at="2023-06-15T22:48:04 IST" duration-ms="62349" status="PASS">
          <reporter-output>
          </reporter-output>
        </test-method> <!-- BargraphIndustrySpeCriticalStatutory -->
        <test-method is-config="true" signature="browserClosing()[pri:0, instance:cfo.Mgmt@1ab3a8c8]" started-at="2023-06-15T22:48:04 IST" name="browserClosing" finished-at="2023-06-15T22:48:05 IST" duration-ms="1315" status="PASS">
          <reporter-output>
          </reporter-output>
        </test-method> <!-- browserClosing -->
        <test-method is-config="true" signature="Login()[pri:0, instance:cfo.Mgmt@1ab3a8c8]" started-at="2023-06-15T22:48:05 IST" name="Login" finished-at="2023-06-15T22:48:34 IST" duration-ms="29037" status="PASS">
          <reporter-output>
          </reporter-output>
        </test-method> <!-- Login -->
        <test-method signature="BargraphIndustrySpeHighStatutory()[pri:17, instance:cfo.Mgmt@1ab3a8c8]" started-at="2023-06-15T22:48:34 IST" name="BargraphIndustrySpeHighStatutory" finished-at="2023-06-15T22:50:56 IST" duration-ms="141545" status="PASS">
          <reporter-output>
          </reporter-output>
        </test-method> <!-- BargraphIndustrySpeHighStatutory -->
        <test-method is-config="true" signature="browserClosing()[pri:0, instance:cfo.Mgmt@1ab3a8c8]" started-at="2023-06-15T22:50:56 IST" name="browserClosing" finished-at="2023-06-15T22:50:57 IST" duration-ms="1334" status="PASS">
          <reporter-output>
          </reporter-output>
        </test-method> <!-- browserClosing -->
        <test-method is-config="true" signature="Login()[pri:0, instance:cfo.Mgmt@1ab3a8c8]" started-at="2023-06-15T22:50:57 IST" name="Login" finished-at="2023-06-15T22:51:28 IST" duration-ms="30857" status="PASS">
          <reporter-output>
          </reporter-output>
        </test-method> <!-- Login -->
        <test-method signature="BargraphIndustrySpeMediumStatutory()[pri:18, instance:cfo.Mgmt@1ab3a8c8]" started-at="2023-06-15T22:51:28 IST" name="BargraphIndustrySpeMediumStatutory" finished-at="2023-06-15T22:53:43 IST" duration-ms="135223" status="PASS">
          <reporter-output>
          </reporter-output>
        </test-method> <!-- BargraphIndustrySpeMediumStatutory -->
        <test-method is-config="true" signature="browserClosing()[pri:0, instance:cfo.Mgmt@1ab3a8c8]" started-at="2023-06-15T22:53:43 IST" name="browserClosing" finished-at="2023-06-15T22:53:45 IST" duration-ms="1507" status="PASS">
          <reporter-output>
          </reporter-output>
        </test-method> <!-- browserClosing -->
        <test-method is-config="true" signature="Login()[pri:0, instance:cfo.Mgmt@1ab3a8c8]" started-at="2023-06-15T22:53:45 IST" name="Login" finished-at="2023-06-15T22:54:15 IST" duration-ms="30392" status="PASS">
          <reporter-output>
          </reporter-output>
        </test-method> <!-- Login -->
        <test-method signature="BargraphIndustrySpeLowStatutory()[pri:19, instance:cfo.Mgmt@1ab3a8c8]" started-at="2023-06-15T22:54:15 IST" name="BargraphIndustrySpeLowStatutory" finished-at="2023-06-15T22:55:54 IST" duration-ms="99034" status="FAIL">
          <exception class="org.openqa.selenium.TimeoutException">
            <message>
              <![CDATA[Expected condition failed: waiting for presence of element located by: By.xpath: //*[@id='grid']/div[3]/table/tbody/tr[3]/td[19]/a (tried for 60 second(s) with 500 milliseconds interval)]]>
            </message>
            <full-stacktrace>
              <![CDATA[org.openqa.selenium.TimeoutException: Expected condition failed: waiting for presence of element located by: By.xpath: //*[@id='grid']/div[3]/table/tbody/tr[3]/td[19]/a (tried for 60 second(s) with 500 milliseconds interval)
at org.openqa.selenium.support.ui.WebDriverWait.timeoutException(WebDriverWait.java:95)
at org.openqa.selenium.support.ui.FluentWait.until(FluentWait.java:272)
at cfo.CFOcountPOM.BarGraphCount1(CFOcountPOM.java:4232)
at cfo.Mgmt.BargraphIndustrySpeLowStatutory(Mgmt.java:1525)
at java.base/jdk.internal.reflect.NativeMethodAccessorImpl.invoke0(Native Method)
at java.base/jdk.internal.reflect.NativeMethodAccessorImpl.invoke(NativeMethodAccessorImpl.java:77)
at java.base/jdk.internal.reflect.DelegatingMethodAccessorImpl.invoke(DelegatingMethodAccessorImpl.java:43)
at java.base/java.lang.reflect.Method.invoke(Method.java:568)
at org.testng.internal.MethodInvocationHelper.invokeMethod(MethodInvocationHelper.java:133)
at org.testng.internal.TestInvoker.invokeMethod(TestInvoker.java:598)
at org.testng.internal.TestInvoker.invokeTestMethod(TestInvoker.java:173)
at org.testng.internal.MethodRunner.runInSequence(MethodRunner.java:46)
at org.testng.internal.TestInvoker$MethodInvocationAgent.invoke(TestInvoker.java:824)
at org.testng.internal.TestInvoker.invokeTestMethods(TestInvoker.java:146)
at org.testng.internal.TestMethodWorker.invokeTestMethods(TestMethodWorker.java:146)
at org.testng.internal.TestMethodWorker.run(TestMethodWorker.java:128)
at java.base/java.util.ArrayList.forEach(ArrayList.java:1511)
at org.testng.TestRunner.privateRun(TestRunner.java:794)
at org.testng.TestRunner.run(TestRunner.java:596)
at org.testng.SuiteRunner.runTest(SuiteRunner.java:377)
at org.testng.SuiteRunner.runSequentially(SuiteRunner.java:371)
at org.testng.SuiteRunner.privateRun(SuiteRunner.java:332)
at org.testng.SuiteRunner.run(SuiteRunner.java:276)
at org.testng.SuiteRunnerWorker.runSuite(SuiteRunnerWorker.java:53)
at org.testng.SuiteRunnerWorker.run(SuiteRunnerWorker.java:96)
at org.testng.TestNG.runSuitesSequentially(TestNG.java:1212)
at org.testng.TestNG.runSuitesLocally(TestNG.java:1134)
at org.testng.TestNG.runSuites(TestNG.java:1063)
at org.testng.TestNG.run(TestNG.java:1031)
at org.testng.remote.AbstractRemoteTestNG.run(AbstractRemoteTestNG.java:115)
at org.testng.remote.RemoteTestNG.initAndRun(RemoteTestNG.java:251)
at org.testng.remote.RemoteTestNG.main(RemoteTestNG.java:77)
Caused by: org.openqa.selenium.NoSuchElementException: no such element: Unable to locate element: {"method":"xpath","selector":"//*[@id='grid']/div[3]/table/tbody/tr[3]/td[19]/a"}
  (Session info: chrome=114.0.5735.133)
For documentation on this error, please visit: http://seleniumhq.org/exceptions/no_such_element.html
Build info: version: '3.141.0', revision: '2ecb7d9a', time: '2018-10-31T20:09:30'
System info: host: 'DESKTOP-7MK4EF7', ip: '192.168.1.2', os.name: 'Windows 10', os.arch: 'amd64', os.version: '10.0', java.version: '17.0.5'
Driver info: org.openqa.selenium.chrome.ChromeDriver
Capabilities {acceptInsecureCerts: false, browserName: chrome, browserVersion: 114.0.5735.133, chrome: {chromedriverVersion: 113.0.5672.63 (0e1a4471d5ae..., userDataDir: C:\Users\Mayuri\AppData\Loc...}, goog:chromeOptions: {debuggerAddress: localhost:59304}, javascriptEnabled: true, networkConnectionEnabled: false, pageLoadStrategy: normal, platform: WINDOWS, platformName: WINDOWS, proxy: Proxy(), setWindowRect: true, strictFileInteractability: false, timeouts: {implicit: 0, pageLoad: 300000, script: 30000}, unhandledPromptBehavior: dismiss and notify, webauthn:extension:credBlob: true, webauthn:extension:largeBlob: true, webauthn:extension:minPinLength: true, webauthn:extension:prf: true, webauthn:virtualAuthenticators: true}
Session ID: d5676e77b0524773a8f2952c5c2a9a12
*** Element info: {Using=xpath, value=//*[@id='grid']/div[3]/table/tbody/tr[3]/td[19]/a}
at jdk.internal.reflect.GeneratedConstructorAccessor29.newInstance(Unknown Source)
at java.base/jdk.internal.reflect.DelegatingConstructorAccessorImpl.newInstance(DelegatingConstructorAccessorImpl.java:45)
at java.base/java.lang.reflect.Constructor.newInstanceWithCaller(Constructor.java:499)
at java.base/java.lang.reflect.Constructor.newInstance(Constructor.java:480)
at org.openqa.selenium.remote.http.W3CHttpResponseCodec.createException(W3CHttpResponseCodec.java:187)
at org.openqa.selenium.remote.http.W3CHttpResponseCodec.decode(W3CHttpResponseCodec.java:122)
at org.openqa.selenium.remote.http.W3CHttpResponseCodec.decode(W3CHttpResponseCodec.java:49)
at org.openqa.selenium.remote.HttpCommandExecutor.execute(HttpCommandExecutor.java:158)
at org.openqa.selenium.remote.service.DriverCommandExecutor.execute(DriverCommandExecutor.java:83)
at org.openqa.selenium.remote.RemoteWebDriver.execute(RemoteWebDriver.java:552)
at org.openqa.selenium.remote.RemoteWebDriver.findElement(RemoteWebDriver.java:323)
at org.openqa.selenium.remote.RemoteWebDriver.findElementByXPath(RemoteWebDriver.java:428)
at org.openqa.selenium.By$ByXPath.findElement(By.java:353)
at org.openqa.selenium.remote.RemoteWebDriver.findElement(RemoteWebDriver.java:315)
at org.openqa.selenium.support.ui.ExpectedConditions$6.apply(ExpectedConditions.java:182)
at org.openqa.selenium.support.ui.ExpectedConditions$6.apply(ExpectedConditions.java:179)
at org.openqa.selenium.support.ui.FluentWait.until(FluentWait.java:249)
... 30 more
]]>
            </full-stacktrace>
          </exception> <!-- org.openqa.selenium.TimeoutException -->
          <reporter-output>
          </reporter-output>
        </test-method> <!-- BargraphIndustrySpeLowStatutory -->
        <test-method is-config="true" signature="browserClosing()[pri:0, instance:cfo.Mgmt@1ab3a8c8]" started-at="2023-06-15T22:55:54 IST" name="browserClosing" finished-at="2023-06-15T22:55:55 IST" duration-ms="1315" status="PASS">
          <reporter-output>
          </reporter-output>
        </test-method> <!-- browserClosing -->
        <test-method is-config="true" signature="Login()[pri:0, instance:cfo.Mgmt@1ab3a8c8]" started-at="2023-06-15T22:55:55 IST" name="Login" finished-at="2023-06-15T22:56:26 IST" duration-ms="30464" status="PASS">
          <reporter-output>
          </reporter-output>
        </test-method> <!-- Login -->
        <test-method signature="RiskSummaryCriticalStatutory()[pri:20, instance:cfo.Mgmt@1ab3a8c8]" started-at="2023-06-15T22:56:26 IST" name="RiskSummaryCriticalStatutory" finished-at="2023-06-15T22:58:53 IST" duration-ms="147620" status="PASS">
          <reporter-output>
          </reporter-output>
        </test-method> <!-- RiskSummaryCriticalStatutory -->
        <test-method is-config="true" signature="browserClosing()[pri:0, instance:cfo.Mgmt@1ab3a8c8]" started-at="2023-06-15T22:58:53 IST" name="browserClosing" finished-at="2023-06-15T22:58:55 IST" duration-ms="1321" status="PASS">
          <reporter-output>
          </reporter-output>
        </test-method> <!-- browserClosing -->
        <test-method is-config="true" signature="Login()[pri:0, instance:cfo.Mgmt@1ab3a8c8]" started-at="2023-06-15T22:58:55 IST" name="Login" finished-at="2023-06-15T22:59:26 IST" duration-ms="31294" status="PASS">
          <reporter-output>
          </reporter-output>
        </test-method> <!-- Login -->
        <test-method signature="RiskSummaryHighStatutory()[pri:21, instance:cfo.Mgmt@1ab3a8c8]" started-at="2023-06-15T22:59:26 IST" name="RiskSummaryHighStatutory" finished-at="2023-06-15T23:02:21 IST" duration-ms="174765" status="PASS">
          <reporter-output>
          </reporter-output>
        </test-method> <!-- RiskSummaryHighStatutory -->
        <test-method is-config="true" signature="browserClosing()[pri:0, instance:cfo.Mgmt@1ab3a8c8]" started-at="2023-06-15T23:02:21 IST" name="browserClosing" finished-at="2023-06-15T23:02:22 IST" duration-ms="1378" status="PASS">
          <reporter-output>
          </reporter-output>
        </test-method> <!-- browserClosing -->
        <test-method is-config="true" signature="Login()[pri:0, instance:cfo.Mgmt@1ab3a8c8]" started-at="2023-06-15T23:02:22 IST" name="Login" finished-at="2023-06-15T23:02:52 IST" duration-ms="30034" status="PASS">
          <reporter-output>
          </reporter-output>
        </test-method> <!-- Login -->
        <test-method signature="RiskSummaryMediumStatutory()[pri:22, instance:cfo.Mgmt@1ab3a8c8]" started-at="2023-06-15T23:02:52 IST" name="RiskSummaryMediumStatutory" finished-at="2023-06-15T23:05:47 IST" duration-ms="174414" status="PASS">
          <reporter-output>
          </reporter-output>
        </test-method> <!-- RiskSummaryMediumStatutory -->
        <test-method is-config="true" signature="browserClosing()[pri:0, instance:cfo.Mgmt@1ab3a8c8]" started-at="2023-06-15T23:05:47 IST" name="browserClosing" finished-at="2023-06-15T23:05:48 IST" duration-ms="1296" status="PASS">
          <reporter-output>
          </reporter-output>
        </test-method> <!-- browserClosing -->
        <test-method is-config="true" signature="Login()[pri:0, instance:cfo.Mgmt@1ab3a8c8]" started-at="2023-06-15T23:05:48 IST" name="Login" finished-at="2023-06-15T23:06:19 IST" duration-ms="31137" status="PASS">
          <reporter-output>
          </reporter-output>
        </test-method> <!-- Login -->
        <test-method signature="RiskSummaryLowStatutory()[pri:23, instance:cfo.Mgmt@1ab3a8c8]" started-at="2023-06-15T23:06:19 IST" name="RiskSummaryLowStatutory" finished-at="2023-06-15T23:09:23 IST" duration-ms="184257" status="PASS">
          <reporter-output>
          </reporter-output>
        </test-method> <!-- RiskSummaryLowStatutory -->
        <test-method is-config="true" signature="browserClosing()[pri:0, instance:cfo.Mgmt@1ab3a8c8]" started-at="2023-06-15T23:09:23 IST" name="browserClosing" finished-at="2023-06-15T23:09:25 IST" duration-ms="1347" status="PASS">
          <reporter-output>
          </reporter-output>
        </test-method> <!-- browserClosing -->
        <test-method is-config="true" signature="Login()[pri:0, instance:cfo.Mgmt@1ab3a8c8]" started-at="2023-06-15T23:09:25 IST" name="Login" finished-at="2023-06-15T23:09:54 IST" duration-ms="29374" status="PASS">
          <reporter-output>
          </reporter-output>
        </test-method> <!-- Login -->
        <test-method signature="DepartmentSummaryHumanResourceStatutory()[pri:24, instance:cfo.Mgmt@1ab3a8c8]" started-at="2023-06-15T23:09:54 IST" name="DepartmentSummaryHumanResourceStatutory" finished-at="2023-06-15T23:11:00 IST" duration-ms="65960" status="PASS">
          <reporter-output>
          </reporter-output>
        </test-method> <!-- DepartmentSummaryHumanResourceStatutory -->
        <test-method is-config="true" signature="browserClosing()[pri:0, instance:cfo.Mgmt@1ab3a8c8]" started-at="2023-06-15T23:11:00 IST" name="browserClosing" finished-at="2023-06-15T23:11:01 IST" duration-ms="1386" status="PASS">
          <reporter-output>
          </reporter-output>
        </test-method> <!-- browserClosing -->
        <test-method is-config="true" signature="Login()[pri:0, instance:cfo.Mgmt@1ab3a8c8]" started-at="2023-06-15T23:11:01 IST" name="Login" finished-at="2023-06-15T23:11:33 IST" duration-ms="31561" status="PASS">
          <reporter-output>
          </reporter-output>
        </test-method> <!-- Login -->
        <test-method signature="NotCompleted_PieChartPeriod()[pri:25, instance:cfo.Mgmt@1ab3a8c8]" started-at="2023-06-15T23:11:33 IST" name="NotCompleted_PieChartPeriod" finished-at="2023-06-15T23:15:15 IST" duration-ms="222305" status="PASS">
          <reporter-output>
          </reporter-output>
        </test-method> <!-- NotCompleted_PieChartPeriod -->
        <test-method is-config="true" signature="browserClosing()[pri:0, instance:cfo.Mgmt@1ab3a8c8]" started-at="2023-06-15T23:15:15 IST" name="browserClosing" finished-at="2023-06-15T23:15:17 IST" duration-ms="1387" status="PASS">
          <reporter-output>
          </reporter-output>
        </test-method> <!-- browserClosing -->
        <test-method is-config="true" signature="Login()[pri:0, instance:cfo.Mgmt@1ab3a8c8]" started-at="2023-06-15T23:15:17 IST" name="Login" finished-at="2023-06-15T23:15:48 IST" duration-ms="30813" status="PASS">
          <reporter-output>
          </reporter-output>
        </test-method> <!-- Login -->
        <test-method signature="ClosedDelayed_PieChartPeriod()[pri:26, instance:cfo.Mgmt@1ab3a8c8]" started-at="2023-06-15T23:15:48 IST" name="ClosedDelayed_PieChartPeriod" finished-at="2023-06-15T23:18:47 IST" duration-ms="179831" status="PASS">
          <reporter-output>
          </reporter-output>
        </test-method> <!-- ClosedDelayed_PieChartPeriod -->
        <test-method is-config="true" signature="browserClosing()[pri:0, instance:cfo.Mgmt@1ab3a8c8]" started-at="2023-06-15T23:18:47 IST" name="browserClosing" finished-at="2023-06-15T23:18:49 IST" duration-ms="1509" status="PASS">
          <reporter-output>
          </reporter-output>
        </test-method> <!-- browserClosing -->
        <test-method is-config="true" signature="Login()[pri:0, instance:cfo.Mgmt@1ab3a8c8]" started-at="2023-06-15T23:18:49 IST" name="Login" finished-at="2023-06-15T23:19:18 IST" duration-ms="29170" status="PASS">
          <reporter-output>
          </reporter-output>
        </test-method> <!-- Login -->
        <test-method signature="ClosedTimely_PieChartPeriod()[pri:27, instance:cfo.Mgmt@1ab3a8c8]" started-at="2023-06-15T23:19:18 IST" name="ClosedTimely_PieChartPeriod" finished-at="2023-06-15T23:19:37 IST" duration-ms="19164" status="PASS">
          <reporter-output>
          </reporter-output>
        </test-method> <!-- ClosedTimely_PieChartPeriod -->
        <test-method is-config="true" signature="browserClosing()[pri:0, instance:cfo.Mgmt@1ab3a8c8]" started-at="2023-06-15T23:19:37 IST" name="browserClosing" finished-at="2023-06-15T23:19:39 IST" duration-ms="1371" status="PASS">
          <reporter-output>
          </reporter-output>
        </test-method> <!-- browserClosing -->
        <test-method is-config="true" signature="Login()[pri:0, instance:cfo.Mgmt@1ab3a8c8]" started-at="2023-06-15T23:19:39 IST" name="Login" finished-at="2023-06-15T23:20:12 IST" duration-ms="33081" status="PASS">
          <reporter-output>
          </reporter-output>
        </test-method> <!-- Login -->
        <test-method signature="NotApplicable_PieChartPeriod()[pri:28, instance:cfo.Mgmt@1ab3a8c8]" started-at="2023-06-15T23:20:12 IST" name="NotApplicable_PieChartPeriod" finished-at="2023-06-15T23:20:36 IST" duration-ms="24792" status="PASS">
          <reporter-output>
          </reporter-output>
        </test-method> <!-- NotApplicable_PieChartPeriod -->
        <test-method is-config="true" signature="browserClosing()[pri:0, instance:cfo.Mgmt@1ab3a8c8]" started-at="2023-06-15T23:20:36 IST" name="browserClosing" finished-at="2023-06-15T23:20:38 IST" duration-ms="1409" status="PASS">
          <reporter-output>
          </reporter-output>
        </test-method> <!-- browserClosing -->
        <test-method is-config="true" signature="Login()[pri:0, instance:cfo.Mgmt@1ab3a8c8]" started-at="2023-06-15T23:20:38 IST" name="Login" finished-at="2023-06-15T23:21:07 IST" duration-ms="29451" status="PASS">
          <reporter-output>
          </reporter-output>
        </test-method> <!-- Login -->
        <test-method signature="Overdue_PieChartPeriod()[pri:29, instance:cfo.Mgmt@1ab3a8c8]" started-at="2023-06-15T23:21:07 IST" name="Overdue_PieChartPeriod" finished-at="2023-06-15T23:24:59 IST" duration-ms="231220" status="PASS">
          <reporter-output>
          </reporter-output>
        </test-method> <!-- Overdue_PieChartPeriod -->
        <test-method is-config="true" signature="browserClosing()[pri:0, instance:cfo.Mgmt@1ab3a8c8]" started-at="2023-06-15T23:24:59 IST" name="browserClosing" finished-at="2023-06-15T23:25:00 IST" duration-ms="1480" status="PASS">
          <reporter-output>
          </reporter-output>
        </test-method> <!-- browserClosing -->
        <test-method is-config="true" signature="Login()[pri:0, instance:cfo.Mgmt@1ab3a8c8]" started-at="2023-06-15T23:25:00 IST" name="Login" finished-at="2023-06-15T23:25:30 IST" duration-ms="29674" status="PASS">
          <reporter-output>
          </reporter-output>
        </test-method> <!-- Login -->
        <test-method signature="dueToday_PieChartPeriod()[pri:30, instance:cfo.Mgmt@1ab3a8c8]" started-at="2023-06-15T23:25:30 IST" name="dueToday_PieChartPeriod" finished-at="2023-06-15T23:28:22 IST" duration-ms="172010" status="PASS">
          <reporter-output>
          </reporter-output>
        </test-method> <!-- dueToday_PieChartPeriod -->
        <test-method is-config="true" signature="browserClosing()[pri:0, instance:cfo.Mgmt@1ab3a8c8]" started-at="2023-06-15T23:28:22 IST" name="browserClosing" finished-at="2023-06-15T23:28:23 IST" duration-ms="1444" status="PASS">
          <reporter-output>
          </reporter-output>
        </test-method> <!-- browserClosing -->
        <test-method is-config="true" signature="Login()[pri:0, instance:cfo.Mgmt@1ab3a8c8]" started-at="2023-06-15T23:28:23 IST" name="Login" finished-at="2023-06-15T23:28:54 IST" duration-ms="30444" status="PASS">
          <reporter-output>
          </reporter-output>
        </test-method> <!-- Login -->
        <test-method signature="pendingForReview_PieChartPeriod()[pri:31, instance:cfo.Mgmt@1ab3a8c8]" started-at="2023-06-15T23:28:54 IST" name="pendingForReview_PieChartPeriod" finished-at="2023-06-15T23:29:12 IST" duration-ms="18681" status="PASS">
          <reporter-output>
          </reporter-output>
        </test-method> <!-- pendingForReview_PieChartPeriod -->
        <test-method is-config="true" signature="browserClosing()[pri:0, instance:cfo.Mgmt@1ab3a8c8]" started-at="2023-06-15T23:29:12 IST" name="browserClosing" finished-at="2023-06-15T23:29:14 IST" duration-ms="1298" status="PASS">
          <reporter-output>
          </reporter-output>
        </test-method> <!-- browserClosing -->
        <test-method is-config="true" signature="Login()[pri:0, instance:cfo.Mgmt@1ab3a8c8]" started-at="2023-06-15T23:29:14 IST" name="Login" finished-at="2023-06-15T23:29:43 IST" duration-ms="29686" status="PASS">
          <reporter-output>
          </reporter-output>
        </test-method> <!-- Login -->
        <test-method signature="inProgress_PieChartPeriod()[pri:32, instance:cfo.Mgmt@1ab3a8c8]" started-at="2023-06-15T23:29:43 IST" name="inProgress_PieChartPeriod" finished-at="2023-06-15T23:30:01 IST" duration-ms="17289" status="PASS">
          <reporter-output>
          </reporter-output>
        </test-method> <!-- inProgress_PieChartPeriod -->
        <test-method is-config="true" signature="browserClosing()[pri:0, instance:cfo.Mgmt@1ab3a8c8]" started-at="2023-06-15T23:30:01 IST" name="browserClosing" finished-at="2023-06-15T23:30:02 IST" duration-ms="1439" status="PASS">
          <reporter-output>
          </reporter-output>
        </test-method> <!-- browserClosing -->
        <test-method is-config="true" signature="Login()[pri:0, instance:cfo.Mgmt@1ab3a8c8]" started-at="2023-06-15T23:30:02 IST" name="Login" finished-at="2023-06-15T23:30:33 IST" duration-ms="31345" status="PASS">
          <reporter-output>
          </reporter-output>
        </test-method> <!-- Login -->
        <test-method signature="rejected_PieChartPeriod()[pri:33, instance:cfo.Mgmt@1ab3a8c8]" started-at="2023-06-15T23:30:33 IST" name="rejected_PieChartPeriod" finished-at="2023-06-15T23:30:56 IST" duration-ms="22208" status="PASS">
          <reporter-output>
          </reporter-output>
        </test-method> <!-- rejected_PieChartPeriod -->
        <test-method is-config="true" signature="browserClosing()[pri:0, instance:cfo.Mgmt@1ab3a8c8]" started-at="2023-06-15T23:30:56 IST" name="browserClosing" finished-at="2023-06-15T23:30:57 IST" duration-ms="1410" status="PASS">
          <reporter-output>
          </reporter-output>
        </test-method> <!-- browserClosing -->
        <test-method is-config="true" signature="Login()[pri:0, instance:cfo.Mgmt@1ab3a8c8]" started-at="2023-06-15T23:30:57 IST" name="Login" finished-at="2023-06-15T23:31:29 IST" duration-ms="31546" status="PASS">
          <reporter-output>
          </reporter-output>
        </test-method> <!-- Login -->
        <test-method signature="PenaltySummaryStatutory()[pri:34, instance:cfo.Mgmt@1ab3a8c8]" started-at="2023-06-15T23:31:29 IST" name="PenaltySummaryStatutory" finished-at="2023-06-15T23:33:22 IST" duration-ms="113399" status="PASS">
          <reporter-output>
          </reporter-output>
        </test-method> <!-- PenaltySummaryStatutory -->
        <test-method is-config="true" signature="browserClosing()[pri:0, instance:cfo.Mgmt@1ab3a8c8]" started-at="2023-06-15T23:33:22 IST" name="browserClosing" finished-at="2023-06-15T23:33:23 IST" duration-ms="1327" status="PASS">
          <reporter-output>
          </reporter-output>
        </test-method> <!-- browserClosing -->
        <test-method is-config="true" signature="Login()[pri:0, instance:cfo.Mgmt@1ab3a8c8]" started-at="2023-06-15T23:33:23 IST" name="Login" finished-at="2023-06-15T23:33:54 IST" duration-ms="30682" status="PASS">
          <reporter-output>
          </reporter-output>
        </test-method> <!-- Login -->
        <test-method signature="GradingReportStatutory()[pri:35, instance:cfo.Mgmt@1ab3a8c8]" started-at="2023-06-15T23:33:54 IST" name="GradingReportStatutory" finished-at="2023-06-15T23:34:35 IST" duration-ms="41050" status="PASS">
          <reporter-output>
          </reporter-output>
        </test-method> <!-- GradingReportStatutory -->
        <test-method is-config="true" signature="browserClosing()[pri:0, instance:cfo.Mgmt@1ab3a8c8]" started-at="2023-06-15T23:34:35 IST" name="browserClosing" finished-at="2023-06-15T23:34:36 IST" duration-ms="1511" status="PASS">
          <reporter-output>
          </reporter-output>
        </test-method> <!-- browserClosing -->
        <test-method is-config="true" signature="Login()[pri:0, instance:cfo.Mgmt@1ab3a8c8]" started-at="2023-06-15T23:34:36 IST" name="Login" finished-at="2023-06-15T23:35:07 IST" duration-ms="30541" status="PASS">
          <reporter-output>
          </reporter-output>
        </test-method> <!-- Login -->
        <test-method signature="complianceCalendar()[pri:36, instance:cfo.Mgmt@1ab3a8c8]" started-at="2023-06-15T23:35:07 IST" name="complianceCalendar" finished-at="2023-06-15T23:36:18 IST" duration-ms="71202" status="PASS">
          <reporter-output>
          </reporter-output>
        </test-method> <!-- complianceCalendar -->
        <test-method is-config="true" signature="browserClosing()[pri:0, instance:cfo.Mgmt@1ab3a8c8]" started-at="2023-06-15T23:36:18 IST" name="browserClosing" finished-at="2023-06-15T23:36:20 IST" duration-ms="1399" status="PASS">
          <reporter-output>
          </reporter-output>
        </test-method> <!-- browserClosing -->
        <test-method is-config="true" signature="Login()[pri:0, instance:cfo.Mgmt@1ab3a8c8]" started-at="2023-06-15T23:36:20 IST" name="Login" finished-at="2023-06-15T23:36:51 IST" duration-ms="31465" status="PASS">
          <reporter-output>
          </reporter-output>
        </test-method> <!-- Login -->
        <test-method signature="DailyUpdates()[pri:37, instance:cfo.Mgmt@1ab3a8c8]" started-at="2023-06-15T23:36:51 IST" name="DailyUpdates" finished-at="2023-06-15T23:37:39 IST" duration-ms="47973" status="PASS">
          <reporter-output>
          </reporter-output>
        </test-method> <!-- DailyUpdates -->
        <test-method is-config="true" signature="browserClosing()[pri:0, instance:cfo.Mgmt@1ab3a8c8]" started-at="2023-06-15T23:37:39 IST" name="browserClosing" finished-at="2023-06-15T23:37:41 IST" duration-ms="1444" status="PASS">
          <reporter-output>
          </reporter-output>
        </test-method> <!-- browserClosing -->
        <test-method is-config="true" signature="Login()[pri:0, instance:cfo.Mgmt@1ab3a8c8]" started-at="2023-06-15T23:37:41 IST" name="Login" finished-at="2023-06-15T23:38:12 IST" duration-ms="31860" status="PASS">
          <reporter-output>
          </reporter-output>
        </test-method> <!-- Login -->
        <test-method signature="NewsLetter()[pri:38, instance:cfo.Mgmt@1ab3a8c8]" started-at="2023-06-15T23:38:12 IST" name="NewsLetter" finished-at="2023-06-15T23:38:36 IST" duration-ms="23778" status="PASS">
          <reporter-output>
          </reporter-output>
        </test-method> <!-- NewsLetter -->
        <test-method is-config="true" signature="browserClosing()[pri:0, instance:cfo.Mgmt@1ab3a8c8]" started-at="2023-06-15T23:38:36 IST" name="browserClosing" finished-at="2023-06-15T23:38:38 IST" duration-ms="1545" status="PASS">
          <reporter-output>
          </reporter-output>
        </test-method> <!-- browserClosing -->
        <test-method is-config="true" signature="Login()[pri:0, instance:cfo.Mgmt@1ab3a8c8]" started-at="2023-06-15T23:38:38 IST" name="Login" finished-at="2023-06-15T23:39:09 IST" duration-ms="30985" status="PASS">
          <reporter-output>
          </reporter-output>
        </test-method> <!-- Login -->
        <test-method signature="StandardReportOverall()[pri:39, instance:cfo.Mgmt@1ab3a8c8]" started-at="2023-06-15T23:39:09 IST" name="StandardReportOverall" finished-at="2023-06-15T23:40:02 IST" duration-ms="53464" status="PASS">
          <reporter-output>
          </reporter-output>
        </test-method> <!-- StandardReportOverall -->
        <test-method is-config="true" signature="browserClosing()[pri:0, instance:cfo.Mgmt@1ab3a8c8]" started-at="2023-06-15T23:40:02 IST" name="browserClosing" finished-at="2023-06-15T23:40:04 IST" duration-ms="1571" status="PASS">
          <reporter-output>
          </reporter-output>
        </test-method> <!-- browserClosing -->
        <test-method is-config="true" signature="Login()[pri:0, instance:cfo.Mgmt@1ab3a8c8]" started-at="2023-06-15T23:40:04 IST" name="Login" finished-at="2023-06-15T23:40:34 IST" duration-ms="30552" status="PASS">
          <reporter-output>
          </reporter-output>
        </test-method> <!-- Login -->
        <test-method signature="StandardReportLocation()[pri:40, instance:cfo.Mgmt@1ab3a8c8]" started-at="2023-06-15T23:40:34 IST" name="StandardReportLocation" finished-at="2023-06-15T23:41:27 IST" duration-ms="52823" status="PASS">
          <reporter-output>
          </reporter-output>
        </test-method> <!-- StandardReportLocation -->
        <test-method is-config="true" signature="browserClosing()[pri:0, instance:cfo.Mgmt@1ab3a8c8]" started-at="2023-06-15T23:41:27 IST" name="browserClosing" finished-at="2023-06-15T23:41:29 IST" duration-ms="1505" status="PASS">
          <reporter-output>
          </reporter-output>
        </test-method> <!-- browserClosing -->
        <test-method is-config="true" signature="Login()[pri:0, instance:cfo.Mgmt@1ab3a8c8]" started-at="2023-06-15T23:41:29 IST" name="Login" finished-at="2023-06-15T23:42:00 IST" duration-ms="31033" status="PASS">
          <reporter-output>
          </reporter-output>
        </test-method> <!-- Login -->
        <test-method signature="StandardReportUser()[pri:41, instance:cfo.Mgmt@1ab3a8c8]" started-at="2023-06-15T23:42:00 IST" name="StandardReportUser" finished-at="2023-06-15T23:42:52 IST" duration-ms="52647" status="PASS">
          <reporter-output>
          </reporter-output>
        </test-method> <!-- StandardReportUser -->
        <test-method is-config="true" signature="browserClosing()[pri:0, instance:cfo.Mgmt@1ab3a8c8]" started-at="2023-06-15T23:42:52 IST" name="browserClosing" finished-at="2023-06-15T23:42:54 IST" duration-ms="1473" status="PASS">
          <reporter-output>
          </reporter-output>
        </test-method> <!-- browserClosing -->
        <test-method is-config="true" signature="Login()[pri:0, instance:cfo.Mgmt@1ab3a8c8]" started-at="2023-06-15T23:42:54 IST" name="Login" finished-at="2023-06-15T23:43:26 IST" duration-ms="31836" status="PASS">
          <reporter-output>
          </reporter-output>
        </test-method> <!-- Login -->
        <test-method signature="StandardReportCategory()[pri:42, instance:cfo.Mgmt@1ab3a8c8]" started-at="2023-06-15T23:43:26 IST" name="StandardReportCategory" finished-at="2023-06-15T23:44:20 IST" duration-ms="53995" status="PASS">
          <reporter-output>
          </reporter-output>
        </test-method> <!-- StandardReportCategory -->
        <test-method is-config="true" signature="browserClosing()[pri:0, instance:cfo.Mgmt@1ab3a8c8]" started-at="2023-06-15T23:44:20 IST" name="browserClosing" finished-at="2023-06-15T23:44:21 IST" duration-ms="1303" status="PASS">
          <reporter-output>
          </reporter-output>
        </test-method> <!-- browserClosing -->
        <test-method is-config="true" signature="Login()[pri:0, instance:cfo.Mgmt@1ab3a8c8]" started-at="2023-06-15T23:44:21 IST" name="Login" finished-at="2023-06-15T23:44:53 IST" duration-ms="32055" status="PASS">
          <reporter-output>
          </reporter-output>
        </test-method> <!-- Login -->
        <test-method signature="StandardReportRisk()[pri:43, instance:cfo.Mgmt@1ab3a8c8]" started-at="2023-06-15T23:44:53 IST" name="StandardReportRisk" finished-at="2023-06-15T23:45:47 IST" duration-ms="53930" status="PASS">
          <reporter-output>
          </reporter-output>
        </test-method> <!-- StandardReportRisk -->
        <test-method is-config="true" signature="browserClosing()[pri:0, instance:cfo.Mgmt@1ab3a8c8]" started-at="2023-06-15T23:45:47 IST" name="browserClosing" finished-at="2023-06-15T23:45:48 IST" duration-ms="1459" status="PASS">
          <reporter-output>
          </reporter-output>
        </test-method> <!-- browserClosing -->
        <test-method is-config="true" signature="Login()[pri:0, instance:cfo.Mgmt@1ab3a8c8]" started-at="2023-06-15T23:45:48 IST" name="Login" finished-at="2023-06-15T23:46:20 IST" duration-ms="31282" status="PASS">
          <reporter-output>
          </reporter-output>
        </test-method> <!-- Login -->
        <test-method signature="StandardReportDetailed()[pri:44, instance:cfo.Mgmt@1ab3a8c8]" started-at="2023-06-15T23:46:20 IST" name="StandardReportDetailed" finished-at="2023-06-15T23:46:59 IST" duration-ms="39178" status="PASS">
          <reporter-output>
          </reporter-output>
        </test-method> <!-- StandardReportDetailed -->
        <test-method is-config="true" signature="browserClosing()[pri:0, instance:cfo.Mgmt@1ab3a8c8]" started-at="2023-06-15T23:46:59 IST" name="browserClosing" finished-at="2023-06-15T23:47:00 IST" duration-ms="1611" status="PASS">
          <reporter-output>
          </reporter-output>
        </test-method> <!-- browserClosing -->
        <test-method is-config="true" signature="Login()[pri:0, instance:cfo.Mgmt@1ab3a8c8]" started-at="2023-06-15T23:47:00 IST" name="Login" finished-at="2023-06-15T23:47:33 IST" duration-ms="33041" status="PASS">
          <reporter-output>
          </reporter-output>
        </test-method> <!-- Login -->
        <test-method signature="StandardReportCriticalRisk()[pri:45, instance:cfo.Mgmt@1ab3a8c8]" started-at="2023-06-15T23:47:33 IST" name="StandardReportCriticalRisk" finished-at="2023-06-15T23:48:27 IST" duration-ms="53755" status="PASS">
          <reporter-output>
          </reporter-output>
        </test-method> <!-- StandardReportCriticalRisk -->
        <test-method is-config="true" signature="browserClosing()[pri:0, instance:cfo.Mgmt@1ab3a8c8]" started-at="2023-06-15T23:48:27 IST" name="browserClosing" finished-at="2023-06-15T23:48:29 IST" duration-ms="1536" status="PASS">
          <reporter-output>
          </reporter-output>
        </test-method> <!-- browserClosing -->
        <test-method is-config="true" signature="Login()[pri:0, instance:cfo.Mgmt@1ab3a8c8]" started-at="2023-06-15T23:48:29 IST" name="Login" finished-at="2023-06-15T23:48:59 IST" duration-ms="30159" status="PASS">
          <reporter-output>
          </reporter-output>
        </test-method> <!-- Login -->
        <test-method signature="StandardReportOverallIN()[pri:46, instance:cfo.Mgmt@1ab3a8c8]" started-at="2023-06-15T23:48:59 IST" name="StandardReportOverallIN" finished-at="2023-06-15T23:49:55 IST" duration-ms="55989" status="PASS">
          <reporter-output>
          </reporter-output>
        </test-method> <!-- StandardReportOverallIN -->
        <test-method is-config="true" signature="browserClosing()[pri:0, instance:cfo.Mgmt@1ab3a8c8]" started-at="2023-06-15T23:49:55 IST" name="browserClosing" finished-at="2023-06-15T23:49:56 IST" duration-ms="1074" status="PASS">
          <reporter-output>
          </reporter-output>
        </test-method> <!-- browserClosing -->
        <test-method is-config="true" signature="Login()[pri:0, instance:cfo.Mgmt@1ab3a8c8]" started-at="2023-06-15T23:49:56 IST" name="Login" finished-at="2023-06-15T23:50:29 IST" duration-ms="32688" status="PASS">
          <reporter-output>
          </reporter-output>
        </test-method> <!-- Login -->
        <test-method signature="StandardReportLocationIN()[pri:47, instance:cfo.Mgmt@1ab3a8c8]" started-at="2023-06-15T23:50:29 IST" name="StandardReportLocationIN" finished-at="2023-06-15T23:51:23 IST" duration-ms="54306" status="PASS">
          <reporter-output>
          </reporter-output>
        </test-method> <!-- StandardReportLocationIN -->
        <test-method is-config="true" signature="browserClosing()[pri:0, instance:cfo.Mgmt@1ab3a8c8]" started-at="2023-06-15T23:51:23 IST" name="browserClosing" finished-at="2023-06-15T23:51:24 IST" duration-ms="1089" status="PASS">
          <reporter-output>
          </reporter-output>
        </test-method> <!-- browserClosing -->
        <test-method is-config="true" signature="Login()[pri:0, instance:cfo.Mgmt@1ab3a8c8]" started-at="2023-06-15T23:51:24 IST" name="Login" finished-at="2023-06-15T23:51:57 IST" duration-ms="32737" status="PASS">
          <reporter-output>
          </reporter-output>
        </test-method> <!-- Login -->
        <test-method signature="StandardReportUserIn()[pri:48, instance:cfo.Mgmt@1ab3a8c8]" started-at="2023-06-15T23:51:57 IST" name="StandardReportUserIn" finished-at="2023-06-15T23:52:53 IST" duration-ms="55891" status="PASS">
          <reporter-output>
          </reporter-output>
        </test-method> <!-- StandardReportUserIn -->
        <test-method is-config="true" signature="browserClosing()[pri:0, instance:cfo.Mgmt@1ab3a8c8]" started-at="2023-06-15T23:52:53 IST" name="browserClosing" finished-at="2023-06-15T23:52:54 IST" duration-ms="1074" status="PASS">
          <reporter-output>
          </reporter-output>
        </test-method> <!-- browserClosing -->
        <test-method is-config="true" signature="Login()[pri:0, instance:cfo.Mgmt@1ab3a8c8]" started-at="2023-06-15T23:52:54 IST" name="Login" finished-at="2023-06-15T23:53:28 IST" duration-ms="33930" status="PASS">
          <reporter-output>
          </reporter-output>
        </test-method> <!-- Login -->
        <test-method signature="StandardReportCategoryIn()[pri:49, instance:cfo.Mgmt@1ab3a8c8]" started-at="2023-06-15T23:53:28 IST" name="StandardReportCategoryIn" finished-at="2023-06-15T23:54:29 IST" duration-ms="61294" status="PASS">
          <reporter-output>
          </reporter-output>
        </test-method> <!-- StandardReportCategoryIn -->
        <test-method is-config="true" signature="browserClosing()[pri:0, instance:cfo.Mgmt@1ab3a8c8]" started-at="2023-06-15T23:54:29 IST" name="browserClosing" finished-at="2023-06-15T23:54:30 IST" duration-ms="1112" status="PASS">
          <reporter-output>
          </reporter-output>
        </test-method> <!-- browserClosing -->
        <test-method is-config="true" signature="Login()[pri:0, instance:cfo.Mgmt@1ab3a8c8]" started-at="2023-06-15T23:54:30 IST" name="Login" finished-at="2023-06-15T23:55:03 IST" duration-ms="33394" status="PASS">
          <reporter-output>
          </reporter-output>
        </test-method> <!-- Login -->
        <test-method signature="StandardReportRiskIN()[pri:50, instance:cfo.Mgmt@1ab3a8c8]" started-at="2023-06-15T23:55:03 IST" name="StandardReportRiskIN" finished-at="2023-06-15T23:55:58 IST" duration-ms="54758" status="PASS">
          <reporter-output>
          </reporter-output>
        </test-method> <!-- StandardReportRiskIN -->
        <test-method is-config="true" signature="browserClosing()[pri:0, instance:cfo.Mgmt@1ab3a8c8]" started-at="2023-06-15T23:55:58 IST" name="browserClosing" finished-at="2023-06-15T23:55:59 IST" duration-ms="1105" status="PASS">
          <reporter-output>
          </reporter-output>
        </test-method> <!-- browserClosing -->
        <test-method is-config="true" signature="Login()[pri:0, instance:cfo.Mgmt@1ab3a8c8]" started-at="2023-06-15T23:55:59 IST" name="Login" finished-at="2023-06-15T23:56:33 IST" duration-ms="33741" status="PASS">
          <reporter-output>
          </reporter-output>
        </test-method> <!-- Login -->
        <test-method signature="StandardReportDetailedIN()[pri:51, instance:cfo.Mgmt@1ab3a8c8]" started-at="2023-06-15T23:56:33 IST" name="StandardReportDetailedIN" finished-at="2023-06-15T23:57:20 IST" duration-ms="46797" status="PASS">
          <reporter-output>
          </reporter-output>
        </test-method> <!-- StandardReportDetailedIN -->
        <test-method is-config="true" signature="browserClosing()[pri:0, instance:cfo.Mgmt@1ab3a8c8]" started-at="2023-06-15T23:57:20 IST" name="browserClosing" finished-at="2023-06-15T23:57:21 IST" duration-ms="1130" status="PASS">
          <reporter-output>
          </reporter-output>
        </test-method> <!-- browserClosing -->
        <test-method is-config="true" signature="Login()[pri:0, instance:cfo.Mgmt@1ab3a8c8]" started-at="2023-06-15T23:57:21 IST" name="Login" finished-at="2023-06-15T23:57:54 IST" duration-ms="32691" status="PASS">
          <reporter-output>
          </reporter-output>
        </test-method> <!-- Login -->
        <test-method signature="StandardReportCriticalRiskIN()[pri:52, instance:cfo.Mgmt@1ab3a8c8]" started-at="2023-06-15T23:57:54 IST" name="StandardReportCriticalRiskIN" finished-at="2023-06-15T23:58:48 IST" duration-ms="54678" status="PASS">
          <reporter-output>
          </reporter-output>
        </test-method> <!-- StandardReportCriticalRiskIN -->
        <test-method is-config="true" signature="browserClosing()[pri:0, instance:cfo.Mgmt@1ab3a8c8]" started-at="2023-06-15T23:58:48 IST" name="browserClosing" finished-at="2023-06-15T23:58:50 IST" duration-ms="1131" status="PASS">
          <reporter-output>
          </reporter-output>
        </test-method> <!-- browserClosing -->
        <test-method is-config="true" signature="Login()[pri:0, instance:cfo.Mgmt@1ab3a8c8]" started-at="2023-06-15T23:58:50 IST" name="Login" finished-at="2023-06-15T23:59:24 IST" duration-ms="34411" status="PASS">
          <reporter-output>
          </reporter-output>
        </test-method> <!-- Login -->
        <test-method signature="DetailedReport()[pri:53, instance:cfo.Mgmt@1ab3a8c8]" started-at="2023-06-15T23:59:24 IST" name="DetailedReport" finished-at="2023-06-16T00:01:00 IST" duration-ms="95794" status="PASS">
          <reporter-output>
          </reporter-output>
        </test-method> <!-- DetailedReport -->
        <test-method is-config="true" signature="browserClosing()[pri:0, instance:cfo.Mgmt@1ab3a8c8]" started-at="2023-06-16T00:01:00 IST" name="browserClosing" finished-at="2023-06-16T00:01:01 IST" duration-ms="1669" status="PASS">
          <reporter-output>
          </reporter-output>
        </test-method> <!-- browserClosing -->
        <test-method is-config="true" signature="Login()[pri:0, instance:cfo.Mgmt@1ab3a8c8]" started-at="2023-06-16T00:01:01 IST" name="Login" finished-at="2023-06-16T00:01:34 IST" duration-ms="32903" status="PASS">
          <reporter-output>
          </reporter-output>
        </test-method> <!-- Login -->
        <test-method signature="DetailedReportIn()[pri:54, instance:cfo.Mgmt@1ab3a8c8]" started-at="2023-06-16T00:01:34 IST" name="DetailedReportIn" finished-at="2023-06-16T00:03:18 IST" duration-ms="103478" status="PASS">
          <reporter-output>
          </reporter-output>
        </test-method> <!-- DetailedReportIn -->
        <test-method is-config="true" signature="browserClosing()[pri:0, instance:cfo.Mgmt@1ab3a8c8]" started-at="2023-06-16T00:03:18 IST" name="browserClosing" finished-at="2023-06-16T00:03:19 IST" duration-ms="1639" status="PASS">
          <reporter-output>
          </reporter-output>
        </test-method> <!-- browserClosing -->
        <test-method is-config="true" signature="Login()[pri:0, instance:cfo.Mgmt@1ab3a8c8]" started-at="2023-06-16T00:03:19 IST" name="Login" finished-at="2023-06-16T00:03:54 IST" duration-ms="34720" status="PASS">
          <reporter-output>
          </reporter-output>
        </test-method> <!-- Login -->
        <test-method signature="AssignmentReport()[pri:55, instance:cfo.Mgmt@1ab3a8c8]" started-at="2023-06-16T00:03:54 IST" name="AssignmentReport" finished-at="2023-06-16T00:05:04 IST" duration-ms="69720" status="PASS">
          <reporter-output>
          </reporter-output>
        </test-method> <!-- AssignmentReport -->
        <test-method is-config="true" signature="browserClosing()[pri:0, instance:cfo.Mgmt@1ab3a8c8]" started-at="2023-06-16T00:05:04 IST" name="browserClosing" finished-at="2023-06-16T00:05:06 IST" duration-ms="2047" status="PASS">
          <reporter-output>
          </reporter-output>
        </test-method> <!-- browserClosing -->
        <test-method is-config="true" signature="Login()[pri:0, instance:cfo.Mgmt@1ab3a8c8]" started-at="2023-06-16T00:05:06 IST" name="Login" finished-at="2023-06-16T00:05:38 IST" duration-ms="32227" status="PASS">
          <reporter-output>
          </reporter-output>
        </test-method> <!-- Login -->
        <test-method signature="UsageReport()[pri:56, instance:cfo.Mgmt@1ab3a8c8]" started-at="2023-06-16T00:05:38 IST" name="UsageReport" finished-at="2023-06-16T00:07:21 IST" duration-ms="103039" status="PASS">
          <reporter-output>
          </reporter-output>
        </test-method> <!-- UsageReport -->
        <test-method is-config="true" signature="browserClosing()[pri:0, instance:cfo.Mgmt@1ab3a8c8]" started-at="2023-06-16T00:07:21 IST" name="browserClosing" finished-at="2023-06-16T00:07:23 IST" duration-ms="1751" status="PASS">
          <reporter-output>
          </reporter-output>
        </test-method> <!-- browserClosing -->
        <test-method is-config="true" signature="Login()[pri:0, instance:cfo.Mgmt@1ab3a8c8]" started-at="2023-06-16T00:07:23 IST" name="Login" finished-at="2023-06-16T00:07:57 IST" duration-ms="33934" status="PASS">
          <reporter-output>
          </reporter-output>
        </test-method> <!-- Login -->
        <test-method signature="AuditReport()[pri:57, instance:cfo.Mgmt@1ab3a8c8]" started-at="2023-06-16T00:07:57 IST" name="AuditReport" finished-at="2023-06-16T00:08:20 IST" duration-ms="23253" status="PASS">
          <reporter-output>
          </reporter-output>
        </test-method> <!-- AuditReport -->
        <test-method is-config="true" signature="browserClosing()[pri:0, instance:cfo.Mgmt@1ab3a8c8]" started-at="2023-06-16T00:08:20 IST" name="browserClosing" finished-at="2023-06-16T00:08:23 IST" duration-ms="3222" status="PASS">
          <reporter-output>
          </reporter-output>
        </test-method> <!-- browserClosing -->
        <test-method is-config="true" signature="Login()[pri:0, instance:cfo.Mgmt@1ab3a8c8]" started-at="2023-06-16T00:08:23 IST" name="Login" finished-at="2023-06-16T00:08:53 IST" duration-ms="29804" status="PASS">
          <reporter-output>
          </reporter-output>
        </test-method> <!-- Login -->
        <test-method signature="ActRepository()[pri:58, instance:cfo.Mgmt@1ab3a8c8]" started-at="2023-06-16T00:08:53 IST" name="ActRepository" finished-at="2023-06-16T00:09:19 IST" duration-ms="25430" status="PASS">
          <reporter-output>
          </reporter-output>
        </test-method> <!-- ActRepository -->
        <test-method is-config="true" signature="browserClosing()[pri:0, instance:cfo.Mgmt@1ab3a8c8]" started-at="2023-06-16T00:09:19 IST" name="browserClosing" finished-at="2023-06-16T00:09:20 IST" duration-ms="1606" status="PASS">
          <reporter-output>
          </reporter-output>
        </test-method> <!-- browserClosing -->
        <test-method is-config="true" signature="Login()[pri:0, instance:cfo.Mgmt@1ab3a8c8]" started-at="2023-06-16T00:09:20 IST" name="Login" finished-at="2023-06-16T00:09:52 IST" duration-ms="31477" status="PASS">
          <reporter-output>
          </reporter-output>
        </test-method> <!-- Login -->
        <test-method signature="ComplianceDocuments()[pri:59, instance:cfo.Mgmt@1ab3a8c8]" started-at="2023-06-16T00:09:52 IST" name="ComplianceDocuments" finished-at="2023-06-16T00:12:03 IST" duration-ms="131149" status="PASS">
          <reporter-output>
          </reporter-output>
        </test-method> <!-- ComplianceDocuments -->
        <test-method is-config="true" signature="browserClosing()[pri:0, instance:cfo.Mgmt@1ab3a8c8]" started-at="2023-06-16T00:12:03 IST" name="browserClosing" finished-at="2023-06-16T00:12:04 IST" duration-ms="1669" status="PASS">
          <reporter-output>
          </reporter-output>
        </test-method> <!-- browserClosing -->
        <test-method is-config="true" signature="Login()[pri:0, instance:cfo.Mgmt@1ab3a8c8]" started-at="2023-06-16T00:12:04 IST" name="Login" finished-at="2023-06-16T00:12:36 IST" duration-ms="31921" status="PASS">
          <reporter-output>
          </reporter-output>
        </test-method> <!-- Login -->
        <test-method signature="ComplianceDocumentsIN()[pri:60, instance:cfo.Mgmt@1ab3a8c8]" started-at="2023-06-16T00:12:36 IST" name="ComplianceDocumentsIN" finished-at="2023-06-16T00:15:23 IST" duration-ms="166304" status="PASS">
          <reporter-output>
          </reporter-output>
        </test-method> <!-- ComplianceDocumentsIN -->
        <test-method is-config="true" signature="browserClosing()[pri:0, instance:cfo.Mgmt@1ab3a8c8]" started-at="2023-06-16T00:15:23 IST" name="browserClosing" finished-at="2023-06-16T00:15:24 IST" duration-ms="1608" status="PASS">
          <reporter-output>
          </reporter-output>
        </test-method> <!-- browserClosing -->
        <test-method is-config="true" signature="Login()[pri:0, instance:cfo.Mgmt@1ab3a8c8]" started-at="2023-06-16T00:15:24 IST" name="Login" finished-at="2023-06-16T00:15:56 IST" duration-ms="31774" status="PASS">
          <reporter-output>
          </reporter-output>
        </test-method> <!-- Login -->
        <test-method signature="CriticalDocuments()[pri:61, instance:cfo.Mgmt@1ab3a8c8]" started-at="2023-06-16T00:15:56 IST" name="CriticalDocuments" finished-at="2023-06-16T00:17:04 IST" duration-ms="67699" status="PASS">
          <reporter-output>
          </reporter-output>
        </test-method> <!-- CriticalDocuments -->
        <test-method is-config="true" signature="browserClosing()[pri:0, instance:cfo.Mgmt@1ab3a8c8]" started-at="2023-06-16T00:17:04 IST" name="browserClosing" finished-at="2023-06-16T00:17:05 IST" duration-ms="1515" status="PASS">
          <reporter-output>
          </reporter-output>
        </test-method> <!-- browserClosing -->
        <test-method is-config="true" signature="Login()[pri:0, instance:cfo.Mgmt@1ab3a8c8]" started-at="2023-06-16T00:17:05 IST" name="Login" finished-at="2023-06-16T00:17:37 IST" duration-ms="32024" status="PASS">
          <reporter-output>
          </reporter-output>
        </test-method> <!-- Login -->
        <test-method signature="ActDocuments()[pri:62, instance:cfo.Mgmt@1ab3a8c8]" started-at="2023-06-16T00:17:37 IST" name="ActDocuments" finished-at="2023-06-16T00:18:29 IST" duration-ms="52027" status="PASS">
          <reporter-output>
          </reporter-output>
        </test-method> <!-- ActDocuments -->
        <test-method is-config="true" signature="browserClosing()[pri:0, instance:cfo.Mgmt@1ab3a8c8]" started-at="2023-06-16T00:18:29 IST" name="browserClosing" finished-at="2023-06-16T00:18:31 IST" duration-ms="1729" status="PASS">
          <reporter-output>
          </reporter-output>
        </test-method> <!-- browserClosing -->
        <test-method is-config="true" signature="Login()[pri:0, instance:cfo.Mgmt@1ab3a8c8]" started-at="2023-06-16T00:18:31 IST" name="Login" finished-at="2023-06-16T00:19:03 IST" duration-ms="32180" status="PASS">
          <reporter-output>
          </reporter-output>
        </test-method> <!-- Login -->
        <test-method signature="MyNotifications()[pri:65, instance:cfo.Mgmt@1ab3a8c8]" started-at="2023-06-16T00:19:03 IST" name="MyNotifications" finished-at="2023-06-16T00:19:34 IST" duration-ms="31105" status="PASS">
          <reporter-output>
          </reporter-output>
        </test-method> <!-- MyNotifications -->
        <test-method is-config="true" signature="browserClosing()[pri:0, instance:cfo.Mgmt@1ab3a8c8]" started-at="2023-06-16T00:19:34 IST" name="browserClosing" finished-at="2023-06-16T00:19:36 IST" duration-ms="1681" status="PASS">
          <reporter-output>
          </reporter-output>
        </test-method> <!-- browserClosing -->
        <test-method is-config="true" signature="Login()[pri:0, instance:cfo.Mgmt@1ab3a8c8]" started-at="2023-06-16T00:19:36 IST" name="Login" finished-at="2023-06-16T00:20:08 IST" duration-ms="32245" status="PASS">
          <reporter-output>
          </reporter-output>
        </test-method> <!-- Login -->
        <test-method signature="InternalMsg()[pri:67, instance:cfo.Mgmt@1ab3a8c8]" started-at="2023-06-16T00:20:08 IST" name="InternalMsg" finished-at="2023-06-16T00:20:32 IST" duration-ms="24115" status="PASS">
          <reporter-output>
          </reporter-output>
        </test-method> <!-- InternalMsg -->
        <test-method is-config="true" signature="browserClosing()[pri:0, instance:cfo.Mgmt@1ab3a8c8]" started-at="2023-06-16T00:20:32 IST" name="browserClosing" finished-at="2023-06-16T00:20:34 IST" duration-ms="1576" status="PASS">
          <reporter-output>
          </reporter-output>
        </test-method> <!-- browserClosing -->
        <test-method is-config="true" signature="Login()[pri:0, instance:cfo.Mgmt@1ab3a8c8]" started-at="2023-06-16T00:20:34 IST" name="Login" finished-at="2023-06-16T00:21:06 IST" duration-ms="31543" status="PASS">
          <reporter-output>
          </reporter-output>
        </test-method> <!-- Login -->
        <test-method signature="SupportTicket()[pri:68, instance:cfo.Mgmt@1ab3a8c8]" started-at="2023-06-16T00:21:06 IST" name="SupportTicket" finished-at="2023-06-16T00:21:22 IST" duration-ms="16185" status="PASS">
          <reporter-output>
          </reporter-output>
        </test-method> <!-- SupportTicket -->
        <test-method is-config="true" signature="browserClosing()[pri:0, instance:cfo.Mgmt@1ab3a8c8]" started-at="2023-06-16T00:21:22 IST" name="browserClosing" finished-at="2023-06-16T00:21:23 IST" duration-ms="1690" status="PASS">
          <reporter-output>
          </reporter-output>
        </test-method> <!-- browserClosing -->
        <test-method is-config="true" signature="Login()[pri:0, instance:cfo.Mgmt@1ab3a8c8]" started-at="2023-06-16T00:21:23 IST" name="Login" finished-at="2023-06-16T00:23:48 IST" duration-ms="144497" status="PASS">
          <reporter-output>
          </reporter-output>
        </test-method> <!-- Login -->
        <test-method signature="DetailedReportReOpen()[pri:69, instance:cfo.Mgmt@1ab3a8c8]" started-at="2023-06-16T00:23:48 IST" name="DetailedReportReOpen" finished-at="2023-06-16T00:26:17 IST" duration-ms="148866" status="FAIL">
          <exception class="org.openqa.selenium.TimeoutException">
            <message>
              <![CDATA[Expected condition failed: waiting for presence of element located by: By.xpath: //*[@id='grid']/div[2]/table/tbody/tr[1]/td/a[2] (tried for 120 second(s) with 500 milliseconds interval)]]>
            </message>
            <full-stacktrace>
              <![CDATA[org.openqa.selenium.TimeoutException: Expected condition failed: waiting for presence of element located by: By.xpath: //*[@id='grid']/div[2]/table/tbody/tr[1]/td/a[2] (tried for 120 second(s) with 500 milliseconds interval)
at org.openqa.selenium.support.ui.WebDriverWait.timeoutException(WebDriverWait.java:95)
at org.openqa.selenium.support.ui.FluentWait.until(FluentWait.java:272)
at cfo.CFOcountPOM.DetailedReportReOpen(CFOcountPOM.java:5977)
at cfo.Mgmt.DetailedReportReOpen(Mgmt.java:3699)
at java.base/jdk.internal.reflect.NativeMethodAccessorImpl.invoke0(Native Method)
at java.base/jdk.internal.reflect.NativeMethodAccessorImpl.invoke(NativeMethodAccessorImpl.java:77)
at java.base/jdk.internal.reflect.DelegatingMethodAccessorImpl.invoke(DelegatingMethodAccessorImpl.java:43)
at java.base/java.lang.reflect.Method.invoke(Method.java:568)
at org.testng.internal.MethodInvocationHelper.invokeMethod(MethodInvocationHelper.java:133)
at org.testng.internal.TestInvoker.invokeMethod(TestInvoker.java:598)
at org.testng.internal.TestInvoker.invokeTestMethod(TestInvoker.java:173)
at org.testng.internal.MethodRunner.runInSequence(MethodRunner.java:46)
at org.testng.internal.TestInvoker$MethodInvocationAgent.invoke(TestInvoker.java:824)
at org.testng.internal.TestInvoker.invokeTestMethods(TestInvoker.java:146)
at org.testng.internal.TestMethodWorker.invokeTestMethods(TestMethodWorker.java:146)
at org.testng.internal.TestMethodWorker.run(TestMethodWorker.java:128)
at java.base/java.util.ArrayList.forEach(ArrayList.java:1511)
at org.testng.TestRunner.privateRun(TestRunner.java:794)
at org.testng.TestRunner.run(TestRunner.java:596)
at org.testng.SuiteRunner.runTest(SuiteRunner.java:377)
at org.testng.SuiteRunner.runSequentially(SuiteRunner.java:371)
at org.testng.SuiteRunner.privateRun(SuiteRunner.java:332)
at org.testng.SuiteRunner.run(SuiteRunner.java:276)
at org.testng.SuiteRunnerWorker.runSuite(SuiteRunnerWorker.java:53)
at org.testng.SuiteRunnerWorker.run(SuiteRunnerWorker.java:96)
at org.testng.TestNG.runSuitesSequentially(TestNG.java:1212)
at org.testng.TestNG.runSuitesLocally(TestNG.java:1134)
at org.testng.TestNG.runSuites(TestNG.java:1063)
at org.testng.TestNG.run(TestNG.java:1031)
at org.testng.remote.AbstractRemoteTestNG.run(AbstractRemoteTestNG.java:115)
at org.testng.remote.RemoteTestNG.initAndRun(RemoteTestNG.java:251)
at org.testng.remote.RemoteTestNG.main(RemoteTestNG.java:77)
Caused by: org.openqa.selenium.NoSuchElementException: no such element: Unable to locate element: {"method":"xpath","selector":"//*[@id='grid']/div[2]/table/tbody/tr[1]/td/a[2]"}
  (Session info: chrome=114.0.5735.133)
For documentation on this error, please visit: http://seleniumhq.org/exceptions/no_such_element.html
Build info: version: '3.141.0', revision: '2ecb7d9a', time: '2018-10-31T20:09:30'
System info: host: 'DESKTOP-7MK4EF7', ip: '192.168.1.2', os.name: 'Windows 10', os.arch: 'amd64', os.version: '10.0', java.version: '17.0.5'
Driver info: org.openqa.selenium.chrome.ChromeDriver
Capabilities {acceptInsecureCerts: false, browserName: chrome, browserVersion: 114.0.5735.133, chrome: {chromedriverVersion: 113.0.5672.63 (0e1a4471d5ae..., userDataDir: C:\Users\Mayuri\AppData\Loc...}, goog:chromeOptions: {debuggerAddress: localhost:62830}, javascriptEnabled: true, networkConnectionEnabled: false, pageLoadStrategy: normal, platform: WINDOWS, platformName: WINDOWS, proxy: Proxy(), setWindowRect: true, strictFileInteractability: false, timeouts: {implicit: 0, pageLoad: 300000, script: 30000}, unhandledPromptBehavior: dismiss and notify, webauthn:extension:credBlob: true, webauthn:extension:largeBlob: true, webauthn:extension:minPinLength: true, webauthn:extension:prf: true, webauthn:virtualAuthenticators: true}
Session ID: 147bbae90cbb6cfc1d9ca5416e976b00
*** Element info: {Using=xpath, value=//*[@id='grid']/div[2]/table/tbody/tr[1]/td/a[2]}
at jdk.internal.reflect.GeneratedConstructorAccessor29.newInstance(Unknown Source)
at java.base/jdk.internal.reflect.DelegatingConstructorAccessorImpl.newInstance(DelegatingConstructorAccessorImpl.java:45)
at java.base/java.lang.reflect.Constructor.newInstanceWithCaller(Constructor.java:499)
at java.base/java.lang.reflect.Constructor.newInstance(Constructor.java:480)
at org.openqa.selenium.remote.http.W3CHttpResponseCodec.createException(W3CHttpResponseCodec.java:187)
at org.openqa.selenium.remote.http.W3CHttpResponseCodec.decode(W3CHttpResponseCodec.java:122)
at org.openqa.selenium.remote.http.W3CHttpResponseCodec.decode(W3CHttpResponseCodec.java:49)
at org.openqa.selenium.remote.HttpCommandExecutor.execute(HttpCommandExecutor.java:158)
at org.openqa.selenium.remote.service.DriverCommandExecutor.execute(DriverCommandExecutor.java:83)
at org.openqa.selenium.remote.RemoteWebDriver.execute(RemoteWebDriver.java:552)
at org.openqa.selenium.remote.RemoteWebDriver.findElement(RemoteWebDriver.java:323)
at org.openqa.selenium.remote.RemoteWebDriver.findElementByXPath(RemoteWebDriver.java:428)
at org.openqa.selenium.By$ByXPath.findElement(By.java:353)
at org.openqa.selenium.remote.RemoteWebDriver.findElement(RemoteWebDriver.java:315)
at org.openqa.selenium.support.ui.ExpectedConditions$6.apply(ExpectedConditions.java:182)
at org.openqa.selenium.support.ui.ExpectedConditions$6.apply(ExpectedConditions.java:179)
at org.openqa.selenium.support.ui.FluentWait.until(FluentWait.java:249)
... 30 more
]]>
            </full-stacktrace>
          </exception> <!-- org.openqa.selenium.TimeoutException -->
          <reporter-output>
          </reporter-output>
        </test-method> <!-- DetailedReportReOpen -->
        <test-method is-config="true" signature="browserClosing()[pri:0, instance:cfo.Mgmt@1ab3a8c8]" started-at="2023-06-16T00:26:17 IST" name="browserClosing" finished-at="2023-06-16T00:26:18 IST" duration-ms="1588" status="PASS">
          <reporter-output>
          </reporter-output>
        </test-method> <!-- browserClosing -->
        <test-method is-config="true" signature="Closing()[pri:0, instance:cfo.Mgmt@1ab3a8c8]" started-at="2023-06-16T00:26:18 IST" name="Closing" finished-at="2023-06-16T00:26:18 IST" duration-ms="2" status="PASS">
          <reporter-output>
          </reporter-output>
        </test-method> <!-- Closing -->
      </class> <!-- cfo.Mgmt -->
    </test> <!-- Default test -->
  </suite> <!-- Default suite -->
</testng-results>
